# Logfile created on Fri Jan 23 11:34:11 +0100 2009 by /
Mongrel MosEisley started
Using Mocha::Mock
Mongrel MosEisley started
Using NilClass
Mongrel MosEisley started
Using Persistable::FSAdapter
FSAdapter StorageLocation: test/assets
Mongrel MosEisley started
Using Mocha::Mock
Mongrel MosEisley started
Using NilClass
Mongrel MosEisley started
Using Persistable::FSAdapter
FSAdapter StorageLocation: test/assets
Mongrel MosEisley started
Using Persistable::FSAdapter
FSAdapter StorageLocation: test/assets
Mongrel MosEisley started
Using Persistable::FSAdapter
FSAdapter StorageLocation: test/assets
Mongrel MosEisley started
Using Persistable::FSAdapter
FSAdapter StorageLocation: test/assets
Mongrel MosEisley started
Using Persistable::FSAdapter
FSAdapter StorageLocation: test/assets
Mongrel MosEisley started
Using Persistable::FSAdapter
FSAdapter StorageLocation: test/assets
Mongrel MosEisley started
Using Persistable::FSAdapter
FSAdapter StorageLocation: test/assets
Mongrel MosEisley started
Using Mocha::Mock
Mongrel MosEisley started
Using NilClass
Mongrel MosEisley started
Using Persistable::FSAdapter
FSAdapter StorageLocation: test/assets
Mongrel MosEisley started
Using Mocha::Mock
Mongrel MosEisley started
Using NilClass
Mongrel MosEisley started
Using Persistable::FSAdapter
FSAdapter StorageLocation: test/assets
Mongrel MosEisley started
Using Mocha::Mock
Mongrel MosEisley started
Using NilClass
Mongrel MosEisley started
Using Persistable::FSAdapter
FSAdapter StorageLocation: test/assets
Mongrel MosEisley started
Using Persistable::FSAdapter
FSAdapter StorageLocation: test/assets
Mongrel MosEisley started
Using Persistable::FSAdapter
FSAdapter StorageLocation: test/assets
Mongrel MosEisley started
Using Mocha::Mock
Mongrel MosEisley started
Using NilClass
